2022-10-03 13:02:53 INFO     logger enabled and writes 2022-10-03 
2022-10-03 13:02:53 INFO     try to load config 
2022-10-03 13:02:53 INFO     config.json loaded 
2022-10-03 13:02:53 INFO     config has been loaded 
2022-10-03 13:02:53 INFO     version: 0.1 
2022-10-03 13:02:53 INFO     try connect to mongo 
2022-10-03 13:02:53 INFO     global base adress has been detected 
2022-10-03 13:02:53 INFO     mongo connection established 
2022-10-03 13:02:53 INFO     try connect to mysql base 
2022-10-03 13:02:53 INFO     no mysql in env 
2022-10-03 13:02:53 INFO     global mysql base will be used 
2022-10-03 13:02:53 INFO     mysql connection established 
2022-10-03 13:02:53 INFO     load app finished, starting.... 
2022-10-03 13:02:54 INFO     200 https://api-seller.ozon.ru/v2/product/list 
2022-10-03 13:02:54 INFO     200 https://api-seller.ozon.ru/v2/product/info/list 
2022-10-03 13:02:54 INFO     200 https://api-seller.ozon.ru/v2/category/tree 
2022-10-03 13:02:54 INFO     receive items_info and prepare 
2022-10-03 13:02:58 INFO     200 https://api-seller.ozon.ru/v1/analytics/data 
2022-10-03 13:02:58 INFO     receive analytics data 
2022-10-03 13:02:58 INFO     prepare analytics data 
2022-10-03 13:02:58 INFO     200 https://api-seller.ozon.ru/v3/finance/transaction/list 
2022-10-03 13:02:58 INFO     receive transaction data 
2022-10-03 13:02:58 INFO     prepare transaction data 
2022-10-03 13:02:58 INFO     index was created product_id 
2022-10-03 13:02:58 INFO     Existing:False, modified:False, upserted:True, product_id:253607007 
2022-10-03 13:02:59 INFO     Existing:False, modified:False, upserted:True, product_id:253607008 
2022-10-03 13:02:59 INFO     Existing:False, modified:False, upserted:True, product_id:253607009 
2022-10-03 13:02:59 INFO     Existing:False, modified:False, upserted:True, product_id:253607010 
2022-10-03 13:02:59 INFO     Existing:False, modified:False, upserted:True, product_id:253607011 
2022-10-03 13:02:59 INFO     Existing:False, modified:False, upserted:True, product_id:253607012 
2022-10-03 13:02:59 INFO     Existing:False, modified:False, upserted:True, product_id:253607013 
2022-10-03 13:02:59 INFO     Existing:False, modified:False, upserted:True, product_id:253607014 
2022-10-03 13:02:59 INFO     Existing:False, modified:False, upserted:True, product_id:258372928 
2022-10-03 13:02:59 INFO     Existing:False, modified:False, upserted:True, product_id:258372929 
2022-10-03 13:02:59 INFO     Existing:False, modified:False, upserted:True, product_id:258372930 
2022-10-03 13:02:59 INFO     Existing:False, modified:False, upserted:True, product_id:258372931 
2022-10-03 13:02:59 INFO     Existing:False, modified:False, upserted:True, product_id:258372932 
2022-10-03 13:02:59 INFO     Existing:False, modified:False, upserted:True, product_id:258372933 
2022-10-03 13:02:59 INFO     Existing:False, modified:False, upserted:True, product_id:258372934 
2022-10-03 13:02:59 INFO     Existing:False, modified:False, upserted:True, product_id:258372935 
2022-10-03 13:02:59 INFO     Existing:False, modified:False, upserted:True, product_id:258372936 
2022-10-03 13:02:59 INFO     Existing:False, modified:False, upserted:True, product_id:258372937 
2022-10-03 13:02:59 INFO     Existing:False, modified:False, upserted:True, product_id:258372938 
2022-10-03 13:02:59 INFO     Existing:False, modified:False, upserted:True, product_id:258372939 
2022-10-03 13:02:59 INFO     Existing:False, modified:False, upserted:True, product_id:258372940 
2022-10-03 13:02:59 INFO     Existing:False, modified:False, upserted:True, product_id:258372941 
2022-10-03 13:02:59 INFO     Existing:False, modified:False, upserted:True, product_id:258372942 
2022-10-03 13:02:59 INFO     Existing:False, modified:False, upserted:True, product_id:322908503 
2022-10-03 13:02:59 INFO     Existing:False, modified:False, upserted:True, product_id:322908504 
2022-10-03 13:02:59 INFO     Existing:False, modified:False, upserted:True, product_id:322908505 
2022-10-03 13:02:59 INFO     Existing:False, modified:False, upserted:True, product_id:322908506 
2022-10-03 13:02:59 INFO     Existing:False, modified:False, upserted:True, product_id:322908508 
2022-10-03 13:02:59 INFO     Existing:False, modified:False, upserted:True, product_id:322908509 
2022-10-03 13:02:59 INFO     Existing:False, modified:False, upserted:True, product_id:373119592 
2022-10-03 13:02:59 INFO     Existing:False, modified:False, upserted:True, product_id:373119593 
2022-10-03 13:03:00 INFO     Existing:False, modified:False, upserted:True, product_id:373119594 
2022-10-03 13:03:00 INFO     Existing:False, modified:False, upserted:True, product_id:373119595 
2022-10-03 13:03:00 INFO     Existing:False, modified:False, upserted:True, product_id:373119596 
2022-10-03 13:03:00 INFO     Existing:False, modified:False, upserted:True, product_id:373119597 
2022-10-03 13:03:00 INFO     Existing:False, modified:False, upserted:True, product_id:373119598 
2022-10-03 13:03:00 INFO     Existing:False, modified:False, upserted:True, product_id:373119599 
2022-10-03 13:03:00 INFO     Existing:False, modified:False, upserted:True, product_id:373119600 
2022-10-03 13:03:00 INFO     inserted:True, user_id:1, company_id:1 
2022-10-03 13:03:00 INFO     inserted:True, user_id:1, company_id:1 
2022-10-03 13:03:00 INFO     inserted:True, user_id:1, company_id:1 
2022-10-03 13:03:00 INFO     inserted:True, user_id:1, company_id:1 
